<?xml version="1.0" encoding="UTF-8"?>
<testsuite xmlns:xsi="http://www.w3.org/2001/XMLSchema-instance" xsi:noNamespaceSchemaLocation="https://maven.apache.org/surefire/maven-surefire-plugin/xsd/surefire-test-report-3.0.xsd" version="3.0" name="SampleTest" time="0.307" tests="1" errors="0" skipped="0" failures="0">
  <properties>
    <property name="java.specification.version" value="21"/>
    <property name="sun.jnu.encoding" value="UTF-8"/>
    <property name="java.class.path" value="/workspaces/appium_test_framework/target/test-classes:/workspaces/appium_test_framework/target/classes:/home/codespace/.m2/repository/org/testng/testng/7.10.2/testng-7.10.2.jar:/home/codespace/.m2/repository/org/slf4j/slf4j-api/1.7.36/slf4j-api-1.7.36.jar:/home/codespace/.m2/repository/com/beust/jcommander/1.82/jcommander-1.82.jar:/home/codespace/.m2/repository/org/webjars/jquery/3.7.1/jquery-3.7.1.jar:/home/codespace/.m2/repository/io/appium/java-client/9.3.0/java-client-9.3.0.jar:/home/codespace/.m2/repository/org/seleniumhq/selenium/selenium-api/4.26.0/selenium-api-4.26.0.jar:/home/codespace/.m2/repository/org/jspecify/jspecify/1.0.0/jspecify-1.0.0.jar:/home/codespace/.m2/repository/org/seleniumhq/selenium/selenium-remote-driver/4.26.0/selenium-remote-driver-4.26.0.jar:/home/codespace/.m2/repository/com/google/auto/service/auto-service-annotations/1.1.1/auto-service-annotations-1.1.1.jar:/home/codespace/.m2/repository/com/google/guava/guava/33.3.1-jre/guava-33.3.1-jre.jar:/home/codespace/.m2/repository/com/google/guava/failureaccess/1.0.2/failureaccess-1.0.2.jar:/home/codespace/.m2/repository/com/google/guava/listenablefuture/9999.0-empty-to-avoid-conflict-with-guava/listenablefuture-9999.0-empty-to-avoid-conflict-with-guava.jar:/home/codespace/.m2/repository/com/google/code/findbugs/jsr305/3.0.2/jsr305-3.0.2.jar:/home/codespace/.m2/repository/org/checkerframework/checker-qual/3.43.0/checker-qual-3.43.0.jar:/home/codespace/.m2/repository/com/google/j2objc/j2objc-annotations/3.0.0/j2objc-annotations-3.0.0.jar:/home/codespace/.m2/repository/io/opentelemetry/semconv/opentelemetry-semconv/1.25.0-alpha/opentelemetry-semconv-1.25.0-alpha.jar:/home/codespace/.m2/repository/io/opentelemetry/opentelemetry-api/1.43.0/opentelemetry-api-1.43.0.jar:/home/codespace/.m2/repository/io/opentelemetry/opentelemetry-context/1.43.0/opentelemetry-context-1.43.0.jar:/home/codespace/.m2/repository/io/opentelemetry/opentelemetry-exporter-logging/1.43.0/opentelemetry-exporter-logging-1.43.0.jar:/home/codespace/.m2/repository/io/opentelemetry/opentelemetry-sdk-common/1.43.0/opentelemetry-sdk-common-1.43.0.jar:/home/codespace/.m2/repository/io/opentelemetry/opentelemetry-sdk-extension-autoconfigure-spi/1.43.0/opentelemetry-sdk-extension-autoconfigure-spi-1.43.0.jar:/home/codespace/.m2/repository/io/opentelemetry/opentelemetry-sdk-extension-autoconfigure/1.43.0/opentelemetry-sdk-extension-autoconfigure-1.43.0.jar:/home/codespace/.m2/repository/io/opentelemetry/opentelemetry-api-incubator/1.43.0-alpha/opentelemetry-api-incubator-1.43.0-alpha.jar:/home/codespace/.m2/repository/io/opentelemetry/opentelemetry-sdk-trace/1.43.0/opentelemetry-sdk-trace-1.43.0.jar:/home/codespace/.m2/repository/io/opentelemetry/opentelemetry-sdk/1.43.0/opentelemetry-sdk-1.43.0.jar:/home/codespace/.m2/repository/io/opentelemetry/opentelemetry-sdk-metrics/1.43.0/opentelemetry-sdk-metrics-1.43.0.jar:/home/codespace/.m2/repository/io/opentelemetry/opentelemetry-sdk-logs/1.43.0/opentelemetry-sdk-logs-1.43.0.jar:/home/codespace/.m2/repository/net/bytebuddy/byte-buddy/1.15.7/byte-buddy-1.15.7.jar:/home/codespace/.m2/repository/org/seleniumhq/selenium/selenium-http/4.26.0/selenium-http-4.26.0.jar:/home/codespace/.m2/repository/dev/failsafe/failsafe/3.3.2/failsafe-3.3.2.jar:/home/codespace/.m2/repository/org/seleniumhq/selenium/selenium-json/4.26.0/selenium-json-4.26.0.jar:/home/codespace/.m2/repository/org/seleniumhq/selenium/selenium-manager/4.26.0/selenium-manager-4.26.0.jar:/home/codespace/.m2/repository/org/seleniumhq/selenium/selenium-os/4.26.0/selenium-os-4.26.0.jar:/home/codespace/.m2/repository/org/apache/commons/commons-exec/1.4.0/commons-exec-1.4.0.jar:/home/codespace/.m2/repository/org/seleniumhq/selenium/selenium-support/4.26.0/selenium-support-4.26.0.jar:/home/codespace/.m2/repository/com/google/code/gson/gson/2.11.0/gson-2.11.0.jar:/home/codespace/.m2/repository/com/google/errorprone/error_prone_annotations/2.27.0/error_prone_annotations-2.27.0.jar:"/>
    <property name="java.vm.vendor" value="Microsoft"/>
    <property name="sun.arch.data.model" value="64"/>
    <property name="java.vendor.url" value="https://www.microsoft.com"/>
    <property name="user.timezone" value="Etc/UTC"/>
    <property name="os.name" value="Linux"/>
    <property name="java.vm.specification.version" value="21"/>
    <property name="sun.java.launcher" value="SUN_STANDARD"/>
    <property name="sun.boot.library.path" value="/usr/local/sdkman/candidates/java/21.0.4-ms/lib"/>
    <property name="sun.java.command" value="/workspaces/appium_test_framework/target/surefire/surefirebooter17611781261903991814.jar /workspaces/appium_test_framework/target/surefire 2024-11-08T12-10-11_185-jvmRun1 surefire9410073767377295551tmp surefire_014982630329318253832tmp"/>
    <property name="jdk.debug" value="release"/>
    <property name="surefire.test.class.path" value="/workspaces/appium_test_framework/target/test-classes:/workspaces/appium_test_framework/target/classes:/home/codespace/.m2/repository/org/testng/testng/7.10.2/testng-7.10.2.jar:/home/codespace/.m2/repository/org/slf4j/slf4j-api/1.7.36/slf4j-api-1.7.36.jar:/home/codespace/.m2/repository/com/beust/jcommander/1.82/jcommander-1.82.jar:/home/codespace/.m2/repository/org/webjars/jquery/3.7.1/jquery-3.7.1.jar:/home/codespace/.m2/repository/io/appium/java-client/9.3.0/java-client-9.3.0.jar:/home/codespace/.m2/repository/org/seleniumhq/selenium/selenium-api/4.26.0/selenium-api-4.26.0.jar:/home/codespace/.m2/repository/org/jspecify/jspecify/1.0.0/jspecify-1.0.0.jar:/home/codespace/.m2/repository/org/seleniumhq/selenium/selenium-remote-driver/4.26.0/selenium-remote-driver-4.26.0.jar:/home/codespace/.m2/repository/com/google/auto/service/auto-service-annotations/1.1.1/auto-service-annotations-1.1.1.jar:/home/codespace/.m2/repository/com/google/guava/guava/33.3.1-jre/guava-33.3.1-jre.jar:/home/codespace/.m2/repository/com/google/guava/failureaccess/1.0.2/failureaccess-1.0.2.jar:/home/codespace/.m2/repository/com/google/guava/listenablefuture/9999.0-empty-to-avoid-conflict-with-guava/listenablefuture-9999.0-empty-to-avoid-conflict-with-guava.jar:/home/codespace/.m2/repository/com/google/code/findbugs/jsr305/3.0.2/jsr305-3.0.2.jar:/home/codespace/.m2/repository/org/checkerframework/checker-qual/3.43.0/checker-qual-3.43.0.jar:/home/codespace/.m2/repository/com/google/j2objc/j2objc-annotations/3.0.0/j2objc-annotations-3.0.0.jar:/home/codespace/.m2/repository/io/opentelemetry/semconv/opentelemetry-semconv/1.25.0-alpha/opentelemetry-semconv-1.25.0-alpha.jar:/home/codespace/.m2/repository/io/opentelemetry/opentelemetry-api/1.43.0/opentelemetry-api-1.43.0.jar:/home/codespace/.m2/repository/io/opentelemetry/opentelemetry-context/1.43.0/opentelemetry-context-1.43.0.jar:/home/codespace/.m2/repository/io/opentelemetry/opentelemetry-exporter-logging/1.43.0/opentelemetry-exporter-logging-1.43.0.jar:/home/codespace/.m2/repository/io/opentelemetry/opentelemetry-sdk-common/1.43.0/opentelemetry-sdk-common-1.43.0.jar:/home/codespace/.m2/repository/io/opentelemetry/opentelemetry-sdk-extension-autoconfigure-spi/1.43.0/opentelemetry-sdk-extension-autoconfigure-spi-1.43.0.jar:/home/codespace/.m2/repository/io/opentelemetry/opentelemetry-sdk-extension-autoconfigure/1.43.0/opentelemetry-sdk-extension-autoconfigure-1.43.0.jar:/home/codespace/.m2/repository/io/opentelemetry/opentelemetry-api-incubator/1.43.0-alpha/opentelemetry-api-incubator-1.43.0-alpha.jar:/home/codespace/.m2/repository/io/opentelemetry/opentelemetry-sdk-trace/1.43.0/opentelemetry-sdk-trace-1.43.0.jar:/home/codespace/.m2/repository/io/opentelemetry/opentelemetry-sdk/1.43.0/opentelemetry-sdk-1.43.0.jar:/home/codespace/.m2/repository/io/opentelemetry/opentelemetry-sdk-metrics/1.43.0/opentelemetry-sdk-metrics-1.43.0.jar:/home/codespace/.m2/repository/io/opentelemetry/opentelemetry-sdk-logs/1.43.0/opentelemetry-sdk-logs-1.43.0.jar:/home/codespace/.m2/repository/net/bytebuddy/byte-buddy/1.15.7/byte-buddy-1.15.7.jar:/home/codespace/.m2/repository/org/seleniumhq/selenium/selenium-http/4.26.0/selenium-http-4.26.0.jar:/home/codespace/.m2/repository/dev/failsafe/failsafe/3.3.2/failsafe-3.3.2.jar:/home/codespace/.m2/repository/org/seleniumhq/selenium/selenium-json/4.26.0/selenium-json-4.26.0.jar:/home/codespace/.m2/repository/org/seleniumhq/selenium/selenium-manager/4.26.0/selenium-manager-4.26.0.jar:/home/codespace/.m2/repository/org/seleniumhq/selenium/selenium-os/4.26.0/selenium-os-4.26.0.jar:/home/codespace/.m2/repository/org/apache/commons/commons-exec/1.4.0/commons-exec-1.4.0.jar:/home/codespace/.m2/repository/org/seleniumhq/selenium/selenium-support/4.26.0/selenium-support-4.26.0.jar:/home/codespace/.m2/repository/com/google/code/gson/gson/2.11.0/gson-2.11.0.jar:/home/codespace/.m2/repository/com/google/errorprone/error_prone_annotations/2.27.0/error_prone_annotations-2.27.0.jar:"/>
    <property name="sun.cpu.endian" value="little"/>
    <property name="user.home" value="/home/codespace"/>
    <property name="user.language" value="en"/>
    <property name="java.specification.vendor" value="Oracle Corporation"/>
    <property name="java.version.date" value="2024-07-16"/>
    <property name="java.home" value="/usr/local/sdkman/candidates/java/21.0.4-ms"/>
    <property name="file.separator" value="/"/>
    <property name="basedir" value="/workspaces/appium_test_framework"/>
    <property name="java.vm.compressedOopsMode" value="Zero based"/>
    <property name="line.separator" value="&#10;"/>
    <property name="java.specification.name" value="Java Platform API Specification"/>
    <property name="java.vm.specification.vendor" value="Oracle Corporation"/>
    <property name="surefire.real.class.path" value="/workspaces/appium_test_framework/target/surefire/surefirebooter17611781261903991814.jar"/>
    <property name="sun.management.compiler" value="HotSpot 64-Bit Tiered Compilers"/>
    <property name="java.runtime.version" value="21.0.4+7-LTS"/>
    <property name="user.name" value="codespace"/>
    <property name="stdout.encoding" value="UTF-8"/>
    <property name="path.separator" value=":"/>
    <property name="os.version" value="6.5.0-1025-azure"/>
    <property name="java.runtime.name" value="OpenJDK Runtime Environment"/>
    <property name="file.encoding" value="UTF-8"/>
    <property name="java.vm.name" value="OpenJDK 64-Bit Server VM"/>
    <property name="java.vendor.version" value="Microsoft-9889606"/>
    <property name="localRepository" value="/home/codespace/.m2/repository"/>
    <property name="java.vendor.url.bug" value="https://github.com/microsoft/openjdk/issues"/>
    <property name="java.io.tmpdir" value="/tmp"/>
    <property name="java.version" value="21.0.4"/>
    <property name="user.dir" value="/workspaces/appium_test_framework"/>
    <property name="os.arch" value="amd64"/>
    <property name="java.vm.specification.name" value="Java Virtual Machine Specification"/>
    <property name="native.encoding" value="UTF-8"/>
    <property name="java.library.path" value="/usr/java/packages/lib:/usr/lib64:/lib64:/lib:/usr/lib"/>
    <property name="java.vm.info" value="mixed mode, sharing"/>
    <property name="stderr.encoding" value="UTF-8"/>
    <property name="java.vendor" value="Microsoft"/>
    <property name="java.vm.version" value="21.0.4+7-LTS"/>
    <property name="sun.io.unicode.encoding" value="UnicodeLittle"/>
    <property name="java.class.version" value="65.0"/>
  </properties>
  <testcase name="unitTest" classname="SampleTest" time="0.003">
    <system-err><![CDATA[SLF4J: Failed to load class "org.slf4j.impl.StaticLoggerBinder".
SLF4J: Defaulting to no-operation (NOP) logger implementation
SLF4J: See http://www.slf4j.org/codes.html#StaticLoggerBinder for further details.
]]></system-err>
  </testcase>
</testsuite>