<?xml version="1.0" encoding="UTF-8"?>
<!-- Generated by org.testng.reporters.JUnitReportReporter -->
<testsuite hostname="codespaces-503528" failures="0" tests="1" name="SampleTest" time="0.004" errors="0" timestamp="2024-11-08T12:10:11 UTC" skipped="0">
  <testcase classname="SampleTest" name="unitTest" time="0.004"/>
</testsuite> <!-- SampleTest -->
